2017/05/20 09:58:43 [error] [exception.CHttpException.404] CHttpException: The system is unable to find the requested action "pages". in G:\xampp\htdocs\capePSP\framework\web\CController.php:486
Stack trace:
#0 G:\xampp\htdocs\capePSP\framework\web\CController.php(270): CController->missingAction('pages')
#1 G:\xampp\htdocs\capePSP\framework\web\CWebApplication.php(282): CController->run('pages')
#2 G:\xampp\htdocs\capePSP\framework\web\CWebApplication.php(141): CWebApplication->runController('site/pages/inde...')
#3 G:\xampp\htdocs\capePSP\framework\base\CApplication.php(185): CWebApplication->processRequest()
#4 G:\xampp\htdocs\capePSP\index.php(13): CApplication->run()
#5 {main}
REQUEST_URI=/capePSP/index.php?r=site/pages/index
HTTP_REFERER=http://localhost/capePSP/index.php?r=site/index
---
2017/05/20 10:04:14 [error] [exception.CHttpException.404] CHttpException: The system is unable to find the requested action "pages". in G:\xampp\htdocs\capePSP\framework\web\CController.php:486
Stack trace:
#0 G:\xampp\htdocs\capePSP\framework\web\CController.php(270): CController->missingAction('pages')
#1 G:\xampp\htdocs\capePSP\framework\web\CWebApplication.php(282): CController->run('pages')
#2 G:\xampp\htdocs\capePSP\framework\web\CWebApplication.php(141): CWebApplication->runController('site/pages/inde...')
#3 G:\xampp\htdocs\capePSP\framework\base\CApplication.php(185): CWebApplication->processRequest()
#4 G:\xampp\htdocs\capePSP\index.php(13): CApplication->run()
#5 {main}
REQUEST_URI=/capePSP/index.php?r=site/pages/index
HTTP_REFERER=http://localhost/capePSP/index.php?r=site/index
---
2017/05/20 11:22:27 [error] [exception.CHttpException.404] CHttpException: The system is unable to find the requested action "privacy". in G:\xampp\htdocs\capePSP\framework\web\CController.php:486
Stack trace:
#0 G:\xampp\htdocs\capePSP\framework\web\CController.php(270): CController->missingAction('privacy')
#1 G:\xampp\htdocs\capePSP\framework\web\CWebApplication.php(282): CController->run('privacy')
#2 G:\xampp\htdocs\capePSP\framework\web\CWebApplication.php(141): CWebApplication->runController('site/privacy')
#3 G:\xampp\htdocs\capePSP\framework\base\CApplication.php(185): CWebApplication->processRequest()
#4 G:\xampp\htdocs\capePSP\index.php(13): CApplication->run()
#5 {main}
REQUEST_URI=/capePSP/index.php?r=site/privacy
HTTP_REFERER=http://localhost/capePSP/index.php?r=site/index
---
2017/06/03 11:14:36 [error] [php] Trying to get property of non-object (G:\xampp\htdocs\capePSP\protected\controllers\SiteController.php:36)
Stack trace:
#0 G:\xampp\htdocs\capePSP\framework\web\CController.php(286): SiteController->runAction()
#1 G:\xampp\htdocs\capePSP\framework\web\CController.php(265): SiteController->runActionWithFilters()
#2 G:\xampp\htdocs\capePSP\framework\web\CWebApplication.php(282): SiteController->run()
#3 G:\xampp\htdocs\capePSP\framework\web\CWebApplication.php(141): CWebApplication->runController()
#4 G:\xampp\htdocs\capePSP\framework\base\CApplication.php(185): CWebApplication->processRequest()
#5 G:\xampp\htdocs\capePSP\index.php(13): CWebApplication->run()
REQUEST_URI=/capePSP/
in G:\xampp\htdocs\capePSP\protected\controllers\SiteController.php (36)
in G:\xampp\htdocs\capePSP\index.php (13)
2017/06/03 11:14:52 [error] [php] Use of undefined constant Id - assumed 'Id' (G:\xampp\htdocs\capePSP\protected\controllers\SiteController.php:36)
Stack trace:
#0 G:\xampp\htdocs\capePSP\framework\web\CController.php(286): SiteController->runAction()
#1 G:\xampp\htdocs\capePSP\framework\web\CController.php(265): SiteController->runActionWithFilters()
#2 G:\xampp\htdocs\capePSP\framework\web\CWebApplication.php(282): SiteController->run()
#3 G:\xampp\htdocs\capePSP\framework\web\CWebApplication.php(141): CWebApplication->runController()
#4 G:\xampp\htdocs\capePSP\framework\base\CApplication.php(185): CWebApplication->processRequest()
#5 G:\xampp\htdocs\capePSP\index.php(13): CWebApplication->run()
REQUEST_URI=/capePSP/
in G:\xampp\htdocs\capePSP\protected\controllers\SiteController.php (36)
in G:\xampp\htdocs\capePSP\index.php (13)
2017/06/03 11:15:04 [error] [php] Undefined index: Id (G:\xampp\htdocs\capePSP\protected\controllers\SiteController.php:36)
Stack trace:
#0 G:\xampp\htdocs\capePSP\framework\web\CController.php(286): SiteController->runAction()
#1 G:\xampp\htdocs\capePSP\framework\web\CController.php(265): SiteController->runActionWithFilters()
#2 G:\xampp\htdocs\capePSP\framework\web\CWebApplication.php(282): SiteController->run()
#3 G:\xampp\htdocs\capePSP\framework\web\CWebApplication.php(141): CWebApplication->runController()
#4 G:\xampp\htdocs\capePSP\framework\base\CApplication.php(185): CWebApplication->processRequest()
#5 G:\xampp\htdocs\capePSP\index.php(13): CWebApplication->run()
REQUEST_URI=/capePSP/
in G:\xampp\htdocs\capePSP\protected\controllers\SiteController.php (36)
in G:\xampp\htdocs\capePSP\index.php (13)
2017/06/03 11:17:24 [error] [php] Undefined variable: dataProvider (G:\xampp\htdocs\capePSP\protected\views\layouts\main.php:80)
Stack trace:
#0 G:\xampp\htdocs\capePSP\framework\web\widgets\CContentDecorator.php(76): SiteController->renderFile()
#1 G:\xampp\htdocs\capePSP\framework\web\widgets\CContentDecorator.php(54): CContentDecorator->decorate()
#2 G:\xampp\htdocs\capePSP\framework\web\widgets\COutputProcessor.php(44): CContentDecorator->processOutput()
#3 G:\xampp\htdocs\capePSP\framework\web\CBaseController.php(215): CContentDecorator->run()
#4 G:\xampp\htdocs\capePSP\framework\web\CBaseController.php(309): SiteController->endWidget()
#5 G:\xampp\htdocs\capePSP\protected\views\layouts\column1.php(6): SiteController->endContent()
#6 G:\xampp\htdocs\capePSP\framework\web\CBaseController.php(126): require()
#7 G:\xampp\htdocs\capePSP\framework\web\CBaseController.php(95): SiteController->renderInternal()
#8 G:\xampp\htdocs\capePSP\framework\web\CController.php(787): SiteController->renderFile()
#9 G:\xampp\htdocs\capePSP\protected\controllers\SiteController.php(37): SiteController->render()
#10 G:\xampp\htdocs\capePSP\framework\web\actions\CInlineAction.php(49): SiteController->actionIndex()
#11 G:\xampp\htdocs\capePSP\framework\web\CController.php(308): CInlineAction->runWithParams()
#12 G:\xampp\htdocs\capePSP\framework\web\CController.php(286): SiteController->runAction()
#13 G:\xampp\htdocs\capePSP\framework\web\CController.php(265): SiteController->runActionWithFilters()
#14 G:\xampp\htdocs\capePSP\framework\web\CWebApplication.php(282): SiteController->run()
#15 G:\xampp\htdocs\capePSP\framework\web\CWebApplication.php(141): CWebApplication->runController()
#16 G:\xampp\htdocs\capePSP\framework\base\CApplication.php(185): CWebApplication->processRequest()
#17 G:\xampp\htdocs\capePSP\index.php(13): CWebApplication->run()
REQUEST_URI=/capePSP/
in G:\xampp\htdocs\capePSP\protected\views\layouts\main.php (80)
in G:\xampp\htdocs\capePSP\protected\views\layouts\column1.php (6)
in G:\xampp\htdocs\capePSP\protected\controllers\SiteController.php (37)
2017/06/03 11:25:35 [error] [php] Use of undefined constant Id - assumed 'Id' (G:\xampp\htdocs\capePSP\protected\views\layouts\main.php:82)
Stack trace:
#0 G:\xampp\htdocs\capePSP\framework\web\widgets\CContentDecorator.php(76): SiteController->renderFile()
#1 G:\xampp\htdocs\capePSP\framework\web\widgets\CContentDecorator.php(54): CContentDecorator->decorate()
#2 G:\xampp\htdocs\capePSP\framework\web\widgets\COutputProcessor.php(44): CContentDecorator->processOutput()
#3 G:\xampp\htdocs\capePSP\framework\web\CBaseController.php(215): CContentDecorator->run()
#4 G:\xampp\htdocs\capePSP\framework\web\CBaseController.php(309): SiteController->endWidget()
#5 G:\xampp\htdocs\capePSP\protected\views\layouts\column1.php(6): SiteController->endContent()
#6 G:\xampp\htdocs\capePSP\framework\web\CBaseController.php(126): require()
#7 G:\xampp\htdocs\capePSP\framework\web\CBaseController.php(95): SiteController->renderInternal()
#8 G:\xampp\htdocs\capePSP\framework\web\CController.php(787): SiteController->renderFile()
#9 G:\xampp\htdocs\capePSP\protected\controllers\SiteController.php(37): SiteController->render()
#10 G:\xampp\htdocs\capePSP\framework\web\actions\CInlineAction.php(49): SiteController->actionIndex()
#11 G:\xampp\htdocs\capePSP\framework\web\CController.php(308): CInlineAction->runWithParams()
#12 G:\xampp\htdocs\capePSP\framework\web\CController.php(286): SiteController->runAction()
#13 G:\xampp\htdocs\capePSP\framework\web\CController.php(265): SiteController->runActionWithFilters()
#14 G:\xampp\htdocs\capePSP\framework\web\CWebApplication.php(282): SiteController->run()
#15 G:\xampp\htdocs\capePSP\framework\web\CWebApplication.php(141): CWebApplication->runController()
#16 G:\xampp\htdocs\capePSP\framework\base\CApplication.php(185): CWebApplication->processRequest()
#17 G:\xampp\htdocs\capePSP\index.php(13): CWebApplication->run()
REQUEST_URI=/capePSP/
in G:\xampp\htdocs\capePSP\protected\views\layouts\main.php (82)
in G:\xampp\htdocs\capePSP\protected\views\layouts\column1.php (6)
in G:\xampp\htdocs\capePSP\protected\controllers\SiteController.php (37)
2017/06/03 11:30:42 [error] [exception.Error] Error: Call to undefined function CActiveDataProvider() in G:\xampp\htdocs\capePSP\protected\controllers\SiteController.php:31
Stack trace:
#0 G:\xampp\htdocs\capePSP\protected\controllers\SiteController.php(36): SiteController->categoryList()
#1 G:\xampp\htdocs\capePSP\framework\web\actions\CInlineAction.php(49): SiteController->actionIndex()
#2 G:\xampp\htdocs\capePSP\framework\web\CController.php(308): CInlineAction->runWithParams(Array)
#3 G:\xampp\htdocs\capePSP\framework\web\CController.php(286): CController->runAction(Object(CInlineAction))
#4 G:\xampp\htdocs\capePSP\framework\web\CController.php(265): CController->runActionWithFilters(Object(CInlineAction), Array)
#5 G:\xampp\htdocs\capePSP\framework\web\CWebApplication.php(282): CController->run('')
#6 G:\xampp\htdocs\capePSP\framework\web\CWebApplication.php(141): CWebApplication->runController('')
#7 G:\xampp\htdocs\capePSP\framework\base\CApplication.php(185): CWebApplication->processRequest()
#8 G:\xampp\htdocs\capePSP\index.php(13): CApplication->run()
#9 {main}
REQUEST_URI=/capePSP/
---
2017/06/03 11:31:24 [error] [php] Undefined variable: data_ar (G:\xampp\htdocs\capePSP\protected\views\layouts\main.php:83)
Stack trace:
#0 G:\xampp\htdocs\capePSP\framework\web\widgets\CContentDecorator.php(76): SiteController->renderFile()
#1 G:\xampp\htdocs\capePSP\framework\web\widgets\CContentDecorator.php(54): CContentDecorator->decorate()
#2 G:\xampp\htdocs\capePSP\framework\web\widgets\COutputProcessor.php(44): CContentDecorator->processOutput()
#3 G:\xampp\htdocs\capePSP\framework\web\CBaseController.php(215): CContentDecorator->run()
#4 G:\xampp\htdocs\capePSP\framework\web\CBaseController.php(309): SiteController->endWidget()
#5 G:\xampp\htdocs\capePSP\protected\views\layouts\column1.php(6): SiteController->endContent()
#6 G:\xampp\htdocs\capePSP\framework\web\CBaseController.php(126): require()
#7 G:\xampp\htdocs\capePSP\framework\web\CBaseController.php(95): SiteController->renderInternal()
#8 G:\xampp\htdocs\capePSP\framework\web\CController.php(787): SiteController->renderFile()
#9 G:\xampp\htdocs\capePSP\protected\controllers\SiteController.php(39): SiteController->render()
#10 G:\xampp\htdocs\capePSP\framework\web\actions\CInlineAction.php(49): SiteController->actionIndex()
#11 G:\xampp\htdocs\capePSP\framework\web\CController.php(308): CInlineAction->runWithParams()
#12 G:\xampp\htdocs\capePSP\framework\web\CController.php(286): SiteController->runAction()
#13 G:\xampp\htdocs\capePSP\framework\web\CController.php(265): SiteController->runActionWithFilters()
#14 G:\xampp\htdocs\capePSP\framework\web\CWebApplication.php(282): SiteController->run()
#15 G:\xampp\htdocs\capePSP\framework\web\CWebApplication.php(141): CWebApplication->runController()
#16 G:\xampp\htdocs\capePSP\framework\base\CApplication.php(185): CWebApplication->processRequest()
#17 G:\xampp\htdocs\capePSP\index.php(13): CWebApplication->run()
REQUEST_URI=/capePSP/
in G:\xampp\htdocs\capePSP\protected\views\layouts\main.php (83)
in G:\xampp\htdocs\capePSP\protected\views\layouts\column1.php (6)
in G:\xampp\htdocs\capePSP\protected\controllers\SiteController.php (39)
2017/06/03 11:39:02 [error] [php] Undefined variable: dataProvider (G:\xampp\htdocs\capePSP\protected\views\layouts\main.php:2)
Stack trace:
#0 G:\xampp\htdocs\capePSP\framework\web\widgets\CContentDecorator.php(76): SiteController->renderFile()
#1 G:\xampp\htdocs\capePSP\framework\web\widgets\CContentDecorator.php(54): CContentDecorator->decorate()
#2 G:\xampp\htdocs\capePSP\framework\web\widgets\COutputProcessor.php(44): CContentDecorator->processOutput()
#3 G:\xampp\htdocs\capePSP\framework\web\CBaseController.php(215): CContentDecorator->run()
#4 G:\xampp\htdocs\capePSP\framework\web\CBaseController.php(309): SiteController->endWidget()
#5 G:\xampp\htdocs\capePSP\protected\views\layouts\column1.php(6): SiteController->endContent()
#6 G:\xampp\htdocs\capePSP\framework\web\CBaseController.php(126): require()
#7 G:\xampp\htdocs\capePSP\framework\web\CBaseController.php(95): SiteController->renderInternal()
#8 G:\xampp\htdocs\capePSP\framework\web\CController.php(787): SiteController->renderFile()
#9 G:\xampp\htdocs\capePSP\protected\controllers\SiteController.php(38): SiteController->render()
#10 G:\xampp\htdocs\capePSP\framework\web\actions\CInlineAction.php(49): SiteController->actionIndex()
#11 G:\xampp\htdocs\capePSP\framework\web\CController.php(308): CInlineAction->runWithParams()
#12 G:\xampp\htdocs\capePSP\framework\web\CController.php(286): SiteController->runAction()
#13 G:\xampp\htdocs\capePSP\framework\web\CController.php(265): SiteController->runActionWithFilters()
#14 G:\xampp\htdocs\capePSP\framework\web\CWebApplication.php(282): SiteController->run()
#15 G:\xampp\htdocs\capePSP\framework\web\CWebApplication.php(141): CWebApplication->runController()
#16 G:\xampp\htdocs\capePSP\framework\base\CApplication.php(185): CWebApplication->processRequest()
#17 G:\xampp\htdocs\capePSP\index.php(13): CWebApplication->run()
REQUEST_URI=/capePSP/
in G:\xampp\htdocs\capePSP\protected\views\layouts\main.php (2)
in G:\xampp\htdocs\capePSP\protected\views\layouts\column1.php (6)
in G:\xampp\htdocs\capePSP\protected\controllers\SiteController.php (38)
2017/06/03 11:42:41 [error] [php] Object of class Category could not be converted to string (G:\xampp\htdocs\capePSP\protected\views\layouts\main.php:82)
Stack trace:
#0 G:\xampp\htdocs\capePSP\framework\web\widgets\CContentDecorator.php(76): SiteController->renderFile()
#1 G:\xampp\htdocs\capePSP\framework\web\widgets\CContentDecorator.php(54): CContentDecorator->decorate()
#2 G:\xampp\htdocs\capePSP\framework\web\widgets\COutputProcessor.php(44): CContentDecorator->processOutput()
#3 G:\xampp\htdocs\capePSP\framework\web\CBaseController.php(215): CContentDecorator->run()
#4 G:\xampp\htdocs\capePSP\framework\web\CBaseController.php(309): SiteController->endWidget()
#5 G:\xampp\htdocs\capePSP\protected\views\layouts\column1.php(6): SiteController->endContent()
#6 G:\xampp\htdocs\capePSP\framework\web\CBaseController.php(126): require()
#7 G:\xampp\htdocs\capePSP\framework\web\CBaseController.php(95): SiteController->renderInternal()
#8 G:\xampp\htdocs\capePSP\framework\web\CController.php(787): SiteController->renderFile()
#9 G:\xampp\htdocs\capePSP\protected\controllers\SiteController.php(30): SiteController->render()
#10 G:\xampp\htdocs\capePSP\framework\web\actions\CInlineAction.php(49): SiteController->actionIndex()
#11 G:\xampp\htdocs\capePSP\framework\web\CController.php(308): CInlineAction->runWithParams()
#12 G:\xampp\htdocs\capePSP\framework\web\CController.php(286): SiteController->runAction()
#13 G:\xampp\htdocs\capePSP\framework\web\CController.php(265): SiteController->runActionWithFilters()
#14 G:\xampp\htdocs\capePSP\framework\web\CWebApplication.php(282): SiteController->run()
#15 G:\xampp\htdocs\capePSP\framework\web\CWebApplication.php(141): CWebApplication->runController()
#16 G:\xampp\htdocs\capePSP\framework\base\CApplication.php(185): CWebApplication->processRequest()
#17 G:\xampp\htdocs\capePSP\index.php(13): CWebApplication->run()
REQUEST_URI=/capePSP/
in G:\xampp\htdocs\capePSP\protected\views\layouts\main.php (82)
in G:\xampp\htdocs\capePSP\protected\views\layouts\column1.php (6)
in G:\xampp\htdocs\capePSP\protected\controllers\SiteController.php (30)
2017/06/03 11:49:20 [error] [exception.CHttpException.400] CHttpException: Your request is invalid. in G:\xampp\htdocs\capePSP\framework\web\CController.php:337
Stack trace:
#0 G:\xampp\htdocs\capePSP\framework\web\CController.php(309): CController->invalidActionParams(Object(CInlineAction))
#1 G:\xampp\htdocs\capePSP\framework\web\filters\CFilterChain.php(134): CController->runAction(Object(CInlineAction))
#2 G:\xampp\htdocs\capePSP\framework\web\filters\CFilter.php(40): CFilterChain->run()
#3 G:\xampp\htdocs\capePSP\framework\web\CController.php(1148): CFilter->filter(Object(CFilterChain))
#4 G:\xampp\htdocs\capePSP\framework\web\filters\CInlineFilter.php(58): CController->filterAccessControl(Object(CFilterChain))
#5 G:\xampp\htdocs\capePSP\framework\web\filters\CFilterChain.php(131): CInlineFilter->filter(Object(CFilterChain))
#6 G:\xampp\htdocs\capePSP\framework\web\CController.php(291): CFilterChain->run()
#7 G:\xampp\htdocs\capePSP\framework\web\CController.php(265): CController->runActionWithFilters(Object(CInlineAction), Array)
#8 G:\xampp\htdocs\capePSP\framework\web\CWebApplication.php(282): CController->run('view')
#9 G:\xampp\htdocs\capePSP\framework\web\CWebApplication.php(141): CWebApplication->runController('product/view')
#10 G:\xampp\htdocs\capePSP\framework\base\CApplication.php(185): CWebApplication->processRequest()
#11 G:\xampp\htdocs\capePSP\index.php(13): CApplication->run()
#12 {main}
REQUEST_URI=/capePSP/index.php?r=product/view&Id=1
HTTP_REFERER=http://localhost/capePSP/
---
2017/06/03 12:03:55 [error] [exception.CHttpException.400] CHttpException: Your request is invalid. in G:\xampp\htdocs\capePSP\framework\web\CController.php:337
Stack trace:
#0 G:\xampp\htdocs\capePSP\framework\web\CController.php(309): CController->invalidActionParams(Object(CInlineAction))
#1 G:\xampp\htdocs\capePSP\framework\web\filters\CFilterChain.php(134): CController->runAction(Object(CInlineAction))
#2 G:\xampp\htdocs\capePSP\framework\web\filters\CFilter.php(40): CFilterChain->run()
#3 G:\xampp\htdocs\capePSP\framework\web\CController.php(1148): CFilter->filter(Object(CFilterChain))
#4 G:\xampp\htdocs\capePSP\framework\web\filters\CInlineFilter.php(58): CController->filterAccessControl(Object(CFilterChain))
#5 G:\xampp\htdocs\capePSP\framework\web\filters\CFilterChain.php(131): CInlineFilter->filter(Object(CFilterChain))
#6 G:\xampp\htdocs\capePSP\framework\web\CController.php(291): CFilterChain->run()
#7 G:\xampp\htdocs\capePSP\framework\web\CController.php(265): CController->runActionWithFilters(Object(CInlineAction), Array)
#8 G:\xampp\htdocs\capePSP\framework\web\CWebApplication.php(282): CController->run('view')
#9 G:\xampp\htdocs\capePSP\framework\web\CWebApplication.php(141): CWebApplication->runController('product/view')
#10 G:\xampp\htdocs\capePSP\framework\base\CApplication.php(185): CWebApplication->processRequest()
#11 G:\xampp\htdocs\capePSP\index.php(13): CApplication->run()
#12 {main}
REQUEST_URI=/capePSP/index.php?r=product/view&Id=1
HTTP_REFERER=http://localhost/capePSP/
---
2017/06/03 12:23:45 [error] [php] Undefined variable: data (G:\xampp\htdocs\capePSP\protected\views\product\list.php:10)
Stack trace:
#0 G:\xampp\htdocs\capePSP\framework\web\CController.php(872): ProductController->renderFile()
#1 G:\xampp\htdocs\capePSP\framework\web\CController.php(785): ProductController->renderPartial()
#2 G:\xampp\htdocs\capePSP\protected\controllers\ProductController.php(68): ProductController->render()
#3 unknown(0): ProductController->actionList()
#4 G:\xampp\htdocs\capePSP\framework\web\actions\CAction.php(109): ReflectionMethod->invokeArgs()
#5 G:\xampp\htdocs\capePSP\framework\web\actions\CInlineAction.php(47): CInlineAction->runWithParamsInternal()
#6 G:\xampp\htdocs\capePSP\framework\web\CController.php(308): CInlineAction->runWithParams()
#7 G:\xampp\htdocs\capePSP\framework\web\filters\CFilterChain.php(134): ProductController->runAction()
#8 G:\xampp\htdocs\capePSP\framework\web\filters\CFilter.php(40): CFilterChain->run()
#9 G:\xampp\htdocs\capePSP\framework\web\CController.php(1148): CAccessControlFilter->filter()
#10 G:\xampp\htdocs\capePSP\framework\web\filters\CInlineFilter.php(58): ProductController->filterAccessControl()
#11 G:\xampp\htdocs\capePSP\framework\web\filters\CFilterChain.php(131): CInlineFilter->filter()
#12 G:\xampp\htdocs\capePSP\framework\web\CController.php(291): CFilterChain->run()
#13 G:\xampp\htdocs\capePSP\framework\web\CController.php(265): ProductController->runActionWithFilters()
#14 G:\xampp\htdocs\capePSP\framework\web\CWebApplication.php(282): ProductController->run()
#15 G:\xampp\htdocs\capePSP\framework\web\CWebApplication.php(141): CWebApplication->runController()
#16 G:\xampp\htdocs\capePSP\framework\base\CApplication.php(185): CWebApplication->processRequest()
#17 G:\xampp\htdocs\capePSP\index.php(13): CWebApplication->run()
REQUEST_URI=/capePSP/index.php?r=product/list&id=1
in G:\xampp\htdocs\capePSP\protected\views\product\list.php (10)
in G:\xampp\htdocs\capePSP\protected\controllers\ProductController.php (68)
in G:\xampp\htdocs\capePSP\index.php (13)
2017/06/03 12:24:39 [error] [php] Undefined index: Id (G:\xampp\htdocs\capePSP\protected\views\product\list.php:10)
Stack trace:
#0 G:\xampp\htdocs\capePSP\framework\web\CController.php(872): ProductController->renderFile()
#1 G:\xampp\htdocs\capePSP\framework\web\CController.php(785): ProductController->renderPartial()
#2 G:\xampp\htdocs\capePSP\protected\controllers\ProductController.php(68): ProductController->render()
#3 unknown(0): ProductController->actionList()
#4 G:\xampp\htdocs\capePSP\framework\web\actions\CAction.php(109): ReflectionMethod->invokeArgs()
#5 G:\xampp\htdocs\capePSP\framework\web\actions\CInlineAction.php(47): CInlineAction->runWithParamsInternal()
#6 G:\xampp\htdocs\capePSP\framework\web\CController.php(308): CInlineAction->runWithParams()
#7 G:\xampp\htdocs\capePSP\framework\web\filters\CFilterChain.php(134): ProductController->runAction()
#8 G:\xampp\htdocs\capePSP\framework\web\filters\CFilter.php(40): CFilterChain->run()
#9 G:\xampp\htdocs\capePSP\framework\web\CController.php(1148): CAccessControlFilter->filter()
#10 G:\xampp\htdocs\capePSP\framework\web\filters\CInlineFilter.php(58): ProductController->filterAccessControl()
#11 G:\xampp\htdocs\capePSP\framework\web\filters\CFilterChain.php(131): CInlineFilter->filter()
#12 G:\xampp\htdocs\capePSP\framework\web\CController.php(291): CFilterChain->run()
#13 G:\xampp\htdocs\capePSP\framework\web\CController.php(265): ProductController->runActionWithFilters()
#14 G:\xampp\htdocs\capePSP\framework\web\CWebApplication.php(282): ProductController->run()
#15 G:\xampp\htdocs\capePSP\framework\web\CWebApplication.php(141): CWebApplication->runController()
#16 G:\xampp\htdocs\capePSP\framework\base\CApplication.php(185): CWebApplication->processRequest()
#17 G:\xampp\htdocs\capePSP\index.php(13): CWebApplication->run()
REQUEST_URI=/capePSP/index.php?r=product/list&id=1
in G:\xampp\htdocs\capePSP\protected\views\product\list.php (10)
in G:\xampp\htdocs\capePSP\protected\controllers\ProductController.php (68)
in G:\xampp\htdocs\capePSP\index.php (13)
2017/06/03 12:24:54 [error] [php] Trying to get property of non-object (G:\xampp\htdocs\capePSP\protected\views\product\list.php:10)
Stack trace:
#0 G:\xampp\htdocs\capePSP\framework\web\CController.php(872): ProductController->renderFile()
#1 G:\xampp\htdocs\capePSP\framework\web\CController.php(785): ProductController->renderPartial()
#2 G:\xampp\htdocs\capePSP\protected\controllers\ProductController.php(68): ProductController->render()
#3 unknown(0): ProductController->actionList()
#4 G:\xampp\htdocs\capePSP\framework\web\actions\CAction.php(109): ReflectionMethod->invokeArgs()
#5 G:\xampp\htdocs\capePSP\framework\web\actions\CInlineAction.php(47): CInlineAction->runWithParamsInternal()
#6 G:\xampp\htdocs\capePSP\framework\web\CController.php(308): CInlineAction->runWithParams()
#7 G:\xampp\htdocs\capePSP\framework\web\filters\CFilterChain.php(134): ProductController->runAction()
#8 G:\xampp\htdocs\capePSP\framework\web\filters\CFilter.php(40): CFilterChain->run()
#9 G:\xampp\htdocs\capePSP\framework\web\CController.php(1148): CAccessControlFilter->filter()
#10 G:\xampp\htdocs\capePSP\framework\web\filters\CInlineFilter.php(58): ProductController->filterAccessControl()
#11 G:\xampp\htdocs\capePSP\framework\web\filters\CFilterChain.php(131): CInlineFilter->filter()
#12 G:\xampp\htdocs\capePSP\framework\web\CController.php(291): CFilterChain->run()
#13 G:\xampp\htdocs\capePSP\framework\web\CController.php(265): ProductController->runActionWithFilters()
#14 G:\xampp\htdocs\capePSP\framework\web\CWebApplication.php(282): ProductController->run()
#15 G:\xampp\htdocs\capePSP\framework\web\CWebApplication.php(141): CWebApplication->runController()
#16 G:\xampp\htdocs\capePSP\framework\base\CApplication.php(185): CWebApplication->processRequest()
#17 G:\xampp\htdocs\capePSP\index.php(13): CWebApplication->run()
REQUEST_URI=/capePSP/index.php?r=product/list&id=1
in G:\xampp\htdocs\capePSP\protected\views\product\list.php (10)
in G:\xampp\htdocs\capePSP\protected\controllers\ProductController.php (68)
in G:\xampp\htdocs\capePSP\index.php (13)
2017/06/03 12:25:06 [error] [php] Trying to get property of non-object (G:\xampp\htdocs\capePSP\protected\views\product\list.php:10)
Stack trace:
#0 G:\xampp\htdocs\capePSP\framework\web\CController.php(872): ProductController->renderFile()
#1 G:\xampp\htdocs\capePSP\framework\web\CController.php(785): ProductController->renderPartial()
#2 G:\xampp\htdocs\capePSP\protected\controllers\ProductController.php(68): ProductController->render()
#3 unknown(0): ProductController->actionList()
#4 G:\xampp\htdocs\capePSP\framework\web\actions\CAction.php(109): ReflectionMethod->invokeArgs()
#5 G:\xampp\htdocs\capePSP\framework\web\actions\CInlineAction.php(47): CInlineAction->runWithParamsInternal()
#6 G:\xampp\htdocs\capePSP\framework\web\CController.php(308): CInlineAction->runWithParams()
#7 G:\xampp\htdocs\capePSP\framework\web\filters\CFilterChain.php(134): ProductController->runAction()
#8 G:\xampp\htdocs\capePSP\framework\web\filters\CFilter.php(40): CFilterChain->run()
#9 G:\xampp\htdocs\capePSP\framework\web\CController.php(1148): CAccessControlFilter->filter()
#10 G:\xampp\htdocs\capePSP\framework\web\filters\CInlineFilter.php(58): ProductController->filterAccessControl()
#11 G:\xampp\htdocs\capePSP\framework\web\filters\CFilterChain.php(131): CInlineFilter->filter()
#12 G:\xampp\htdocs\capePSP\framework\web\CController.php(291): CFilterChain->run()
#13 G:\xampp\htdocs\capePSP\framework\web\CController.php(265): ProductController->runActionWithFilters()
#14 G:\xampp\htdocs\capePSP\framework\web\CWebApplication.php(282): ProductController->run()
#15 G:\xampp\htdocs\capePSP\framework\web\CWebApplication.php(141): CWebApplication->runController()
#16 G:\xampp\htdocs\capePSP\framework\base\CApplication.php(185): CWebApplication->processRequest()
#17 G:\xampp\htdocs\capePSP\index.php(13): CWebApplication->run()
REQUEST_URI=/capePSP/index.php?r=product/list&id=1
in G:\xampp\htdocs\capePSP\protected\views\product\list.php (10)
in G:\xampp\htdocs\capePSP\protected\controllers\ProductController.php (68)
in G:\xampp\htdocs\capePSP\index.php (13)
2017/06/03 12:34:43 [error] [exception.CHttpException.400] CHttpException: Your request is invalid. in G:\xampp\htdocs\capePSP\framework\web\CController.php:337
Stack trace:
#0 G:\xampp\htdocs\capePSP\framework\web\CController.php(309): CController->invalidActionParams(Object(CInlineAction))
#1 G:\xampp\htdocs\capePSP\framework\web\filters\CFilterChain.php(134): CController->runAction(Object(CInlineAction))
#2 G:\xampp\htdocs\capePSP\framework\web\filters\CFilter.php(40): CFilterChain->run()
#3 G:\xampp\htdocs\capePSP\framework\web\CController.php(1148): CFilter->filter(Object(CFilterChain))
#4 G:\xampp\htdocs\capePSP\framework\web\filters\CInlineFilter.php(58): CController->filterAccessControl(Object(CFilterChain))
#5 G:\xampp\htdocs\capePSP\framework\web\filters\CFilterChain.php(131): CInlineFilter->filter(Object(CFilterChain))
#6 G:\xampp\htdocs\capePSP\framework\web\CController.php(291): CFilterChain->run()
#7 G:\xampp\htdocs\capePSP\framework\web\CController.php(265): CController->runActionWithFilters(Object(CInlineAction), Array)
#8 G:\xampp\htdocs\capePSP\framework\web\CWebApplication.php(282): CController->run('view')
#9 G:\xampp\htdocs\capePSP\framework\web\CWebApplication.php(141): CWebApplication->runController('product/view')
#10 G:\xampp\htdocs\capePSP\framework\base\CApplication.php(185): CWebApplication->processRequest()
#11 G:\xampp\htdocs\capePSP\index.php(13): CApplication->run()
#12 {main}
REQUEST_URI=/capePSP/index.php?r=product/view
---
